C51 COMPILER V9.54   DS1302                                                                09/10/2024 22:02:43 PAGE 1   


C51 COMPILER V9.54, COMPILATION OF MODULE DS1302
OBJECT MODULE PLACED IN .\Objects\DS1302.obj
COMPILER INVOKED BY: D:\keil5\C51\BIN\C51.EXE DS1302.c OPTIMIZE(8,SPEED) BROWSE DEBUG OBJECTEXTEND PRINT(.\Listings\DS13
                    -02.lst) OBJECT(.\Objects\DS1302.obj)

line level    source

   1          #include <REGX52.H>
   2          #include "LCD1602.h"
   3          
   4          sbit DS1302_CE=P3^5;
   5          sbit DS1302_SCLK=P3^6;
   6          sbit DS1302_IO=P3^4;
   7          
   8          #define DS1302_SECOND 0x80
   9          #define DS1302_MINUTE 0x82
  10          #define DS1302_HOUR 0x84
  11          #define DS1302_DATE 0x86
  12          #define DS1302_MONTH 0x88
  13          #define DS1302_DAY 0x8A
  14          #define DS1302_YEAR 0x8C
  15          #define DS1302_WP 0x8E
  16          
  17          
  18          char DS1302_Time[]={24,9,10,19,19,55,2};
  19          
  20          void DS1302_Init()
  21          {
  22   1              DS1302_CE=0;
  23   1              DS1302_SCLK=0;
  24   1      }
  25          
  26          void DS1302_WriteByte(unsigned char Command,Data)
  27          {
  28   1              unsigned char i;
  29   1              DS1302_CE=1;
  30   1              for(i = 0;i < 8;i++){
  31   2                      DS1302_IO=Command&(0x01<<i);
  32   2                      DS1302_SCLK=1;
  33   2                      DS1302_SCLK=0;
  34   2              }
  35   1              
  36   1              for(i = 0;i < 8;i++)
  37   1              {
  38   2                      DS1302_IO=Data&(0x01<<i);
  39   2                      DS1302_SCLK=1;
  40   2                      DS1302_SCLK=0;
  41   2              }
  42   1              DS1302_CE = 0;
  43   1      }
  44          
  45          unsigned char DS1302_ReadByte(unsigned char Command)
  46          {
  47   1              unsigned char i,Data=0x00;
  48   1              Command|=0x01;
  49   1              DS1302_CE=1;
  50   1              for(i = 0;i < 8;i++){
  51   2                      DS1302_IO=Command&(0x01<<i);
  52   2                      DS1302_SCLK=0;
  53   2                      DS1302_SCLK=1;
  54   2              }
C51 COMPILER V9.54   DS1302                                                                09/10/2024 22:02:43 PAGE 2   

  55   1      //      DS1302_IO=0;
  56   1              for(i = 0;i < 8;i++){
  57   2                      DS1302_SCLK=1;
  58   2                      DS1302_SCLK=0;
  59   2                      if(DS1302_IO){Data|=(0x01<<i);}
  60   2              }
  61   1              DS1302_CE=0;
  62   1              DS1302_IO=0;
  63   1              return Data;
  64   1      }
  65          
  66          void DS1302_setTime()
  67          {
  68   1              DS1302_WriteByte(DS1302_WP,0x00);
  69   1              DS1302_WriteByte(DS1302_YEAR,DS1302_Time[0]/10*16+DS1302_Time[0]%10);
  70   1              DS1302_WriteByte(DS1302_MONTH,DS1302_Time[1]/10*16+DS1302_Time[1]%10);
  71   1              DS1302_WriteByte(DS1302_DATE,DS1302_Time[2]/10*16+DS1302_Time[2]%10);
  72   1              DS1302_WriteByte(DS1302_HOUR,DS1302_Time[3]/10*16+DS1302_Time[3]%10);
  73   1              DS1302_WriteByte(DS1302_MINUTE,DS1302_Time[4]/10*16+DS1302_Time[4]%10);
  74   1              DS1302_WriteByte(DS1302_SECOND,DS1302_Time[5]/10*16+DS1302_Time[5]%10);
  75   1              DS1302_WriteByte(DS1302_DAY,DS1302_Time[6]/10*16+DS1302_Time[6]%10);
  76   1              DS1302_WriteByte(DS1302_WP,0x80);
  77   1      }
  78          
  79          void DS1302_readTime()
  80          {
  81   1              unsigned char temp = 0;
  82   1              temp = DS1302_ReadByte(DS1302_YEAR);
  83   1              DS1302_Time[0] = temp/16*10+temp%16;
  84   1              temp = DS1302_ReadByte(DS1302_MONTH);
  85   1              DS1302_Time[1] = temp/16*10+temp%16;
  86   1              temp = DS1302_ReadByte(DS1302_DATE);
  87   1              DS1302_Time[2] = temp/16*10+temp%16;
  88   1              temp = DS1302_ReadByte(DS1302_HOUR);
  89   1              DS1302_Time[3] = temp/16*10+temp%16;
  90   1              temp = DS1302_ReadByte(DS1302_MINUTE);
  91   1              DS1302_Time[4] = temp/16*10+temp%16;
  92   1              temp = DS1302_ReadByte(DS1302_SECOND);
  93   1              DS1302_Time[5] = temp/16*10+temp%16;
  94   1              temp = DS1302_ReadByte(DS1302_DAY);
  95   1              DS1302_Time[6] = temp/16*10+temp%16;
  96   1              
  97   1      }


MODULE INFORMATION:   STATIC OVERLAYABLE
   CODE SIZE        =    694    ----
   CONSTANT SIZE    =   ----    ----
   XDATA SIZE       =   ----    ----
   PDATA SIZE       =   ----    ----
   DATA SIZE        =      7       2
   IDATA SIZE       =   ----    ----
   BIT SIZE         =   ----    ----
END OF MODULE INFORMATION.


C51 COMPILATION COMPLETE.  0 WARNING(S),  0 ERROR(S)
