C51 COMPILER V9.54   MAIN                                                                  09/10/2024 22:29:16 PAGE 1   


C51 COMPILER V9.54, COMPILATION OF MODULE MAIN
OBJECT MODULE PLACED IN .\Objects\main.obj
COMPILER INVOKED BY: D:\keil5\C51\BIN\C51.EXE main.c OPTIMIZE(8,SPEED) BROWSE DEBUG OBJECTEXTEND PRINT(.\Listings\main.l
                    -st) OBJECT(.\Objects\main.obj)

line level    source

   1          #include <REGX52.H>
   2          #include "LCD1602.h"
   3          #include "ds1302.h"
   4          #include "delay.h"
   5          #include "key.h"
   6          #include "Timer0.h"
   7          
   8          
   9          unsigned char KeyNum,MODE,TimeSetSelect,TimeSetFlashFlag;
  10          
  11          void TimeShow()
  12          {
  13   1              DS1302_readTime();
  14   1              LCD_ShowNum(1,1,DS1302_Time[0],2);
  15   1              LCD_ShowNum(1,4,DS1302_Time[1],2);
  16   1              LCD_ShowNum(1,7,DS1302_Time[2],2);
  17   1              LCD_ShowNum(2,1,DS1302_Time[3],2);
  18   1              LCD_ShowNum(2,4,DS1302_Time[4],2);
  19   1              LCD_ShowNum(2,7,DS1302_Time[5],2);
  20   1      }
  21          
  22          void TimeSet()
  23          {
  24   1              if(KeyNum == 2)
  25   1              {
  26   2                      TimeSetSelect++;
  27   2                      TimeSetSelect%=6;
  28   2              }
  29   1              if(KeyNum == 3)
  30   1              {
  31   2                      DS1302_Time[TimeSetSelect]++;
  32   2                      if(DS1302_Time[0]>99){DS1302_Time[0] = 0;}
  33   2                      if(DS1302_Time[1]>12){DS1302_Time[1] = 1;}
  34   2                      if(DS1302_Time[1] == 1||DS1302_Time[1] == 3||DS1302_Time[1] == 5||DS1302_Time[1] == 7||DS1302_Time[1] ==
             - 8||DS1302_Time[1] == 10||DS1302_Time[1] == 12)
  35   2                      {
  36   3                              if(DS1302_Time[2]>31){DS1302_Time[2] = 1;}
  37   3                      }else if(DS1302_Time[1] == 4||DS1302_Time[1] == 6||DS1302_Time[1] == 9||DS1302_Time[1] == 11)
  38   2                      {
  39   3                              if(DS1302_Time[2]>30){DS1302_Time[2] = 1;}
  40   3                      }else if(DS1302_Time[1] == 2)
  41   2                      {
  42   3                              if(DS1302_Time[0]%4==0)
  43   3                              {
  44   4                                      if(DS1302_Time[2]>29){DS1302_Time[2] = 1;}
  45   4                              }
  46   3                              else{
  47   4                                      if(DS1302_Time[2]>28){DS1302_Time[2] = 1;}
  48   4                              }
  49   3                      }
  50   2                      if(DS1302_Time[3]>23){DS1302_Time[3] = 0;}
  51   2                      if(DS1302_Time[4]>59){DS1302_Time[4] = 0;}
  52   2                      if(DS1302_Time[5]>59){DS1302_Time[5] = 0;}
  53   2              }
C51 COMPILER V9.54   MAIN                                                                  09/10/2024 22:29:16 PAGE 2   

  54   1              if(KeyNum == 4)
  55   1              {
  56   2                      DS1302_Time[TimeSetSelect]--;
  57   2                      if(DS1302_Time[0]<0){DS1302_Time[0] = 99;}
  58   2                      if(DS1302_Time[1]<1){DS1302_Time[1] = 12;}
  59   2                      if(DS1302_Time[1] == 1||DS1302_Time[1] == 3||DS1302_Time[1] == 5||DS1302_Time[1] == 7||DS1302_Time[1] ==
             - 8||DS1302_Time[1] == 10||DS1302_Time[1] == 12)
  60   2                      {
  61   3                              if(DS1302_Time[2]<1){DS1302_Time[2] = 31;}
  62   3                              if(DS1302_Time[2]>31){DS1302_Time[2] = 1;}
  63   3                      }else if(DS1302_Time[1] == 4||DS1302_Time[1] == 6||DS1302_Time[1] == 9||DS1302_Time[1] == 11)
  64   2                      {
  65   3                              if(DS1302_Time[2]<1){DS1302_Time[2] = 30;}
  66   3                              if(DS1302_Time[2]>30){DS1302_Time[2] = 1;}
  67   3                      }else if(DS1302_Time[1] == 2)
  68   2                      {
  69   3                              if(DS1302_Time[0]%4==0)
  70   3                              {
  71   4                                      if(DS1302_Time[2]<1){DS1302_Time[2] = 29;}
  72   4                                      if(DS1302_Time[2]>29){DS1302_Time[2] = 1;}
  73   4                              }
  74   3                              else{
  75   4                                      if(DS1302_Time[2]<1){DS1302_Time[2] = 28;}
  76   4                                      if(DS1302_Time[2]>28){DS1302_Time[2] = 1;}
  77   4                              }
  78   3                      }
  79   2                      if(DS1302_Time[3]<0){DS1302_Time[3] = 23;}
  80   2                      if(DS1302_Time[4]<0){DS1302_Time[4] = 59;}
  81   2                      if(DS1302_Time[5]<0){DS1302_Time[5] = 59;}
  82   2              }
  83   1              if(TimeSetSelect == 0 && TimeSetFlashFlag == 1){LCD_ShowString(1,1,"  ");}
  84   1              else{LCD_ShowNum(1,1,DS1302_Time[0],2);}
  85   1              
  86   1              if(TimeSetSelect == 1 && TimeSetFlashFlag == 1){LCD_ShowString(1,4,"  ");}
  87   1              else{LCD_ShowNum(1,4,DS1302_Time[1],2);}
  88   1              
  89   1              if(TimeSetSelect == 2 && TimeSetFlashFlag == 1){LCD_ShowString(1,7,"  ");}
  90   1              else{LCD_ShowNum(1,7,DS1302_Time[2],2);}
  91   1              
  92   1              if(TimeSetSelect == 3 && TimeSetFlashFlag == 1){LCD_ShowString(2,1,"  ");}
  93   1              else{LCD_ShowNum(2,1,DS1302_Time[3],2);}
  94   1              
  95   1              if(TimeSetSelect == 4 && TimeSetFlashFlag == 1){LCD_ShowString(2,4,"  ");}
  96   1              else{LCD_ShowNum(2,4,DS1302_Time[4],2);}
  97   1      
  98   1              if(TimeSetSelect == 5 && TimeSetFlashFlag == 1){LCD_ShowString(2,7,"  ");}
  99   1              else{LCD_ShowNum(2,7,DS1302_Time[5],2);}
 100   1              LCD_ShowNum(2,10,TimeSetSelect,2);
 101   1              LCD_ShowNum(2,13,TimeSetFlashFlag,2);
 102   1      }
 103          
 104          void main()
 105          {
 106   1              LCD_Init();
 107   1              DS1302_Init();
 108   1              Timer0_Init();
 109   1              LCD_ShowString(1,1,"  -  -  ");
 110   1              LCD_ShowString(2,1,"  :  :  ");
 111   1              DS1302_setTime();
 112   1      
 113   1              while(1)
 114   1              {
C51 COMPILER V9.54   MAIN                                                                  09/10/2024 22:29:16 PAGE 3   

 115   2                      KeyNum = Key();
 116   2                      if(KeyNum==1)
 117   2                      {
 118   3                              if(MODE == 0){MODE=1;}
 119   3                              else if(MODE == 1){MODE=0;DS1302_setTime();}
 120   3                      }
 121   2                      switch(MODE)
 122   2                      {
 123   3                              case 0:TimeShow();break;
 124   3                              case 1:TimeSet();break;
 125   3                      }
 126   2              }
 127   1      }
 128          
 129          void Tmer0_Routine() interrupt 1  //中断函数  interrupt 1是T0的中断号
 130          {
 131   1              static unsigned int T0Count = 0;
 132   1              //进入这个函数说明已经计数到65525了，两个字节数字位1111111111111111，也就是6553
             -5，需要重新从64535开始
 133   1              TH0= 0xFC;//定时初值
 134   1              TL0 = 0x66;
 135   1              T0Count++;
 136   1              if(T0Count++ >= 1000)
 137   1              {
 138   2                      T0Count = 0;
 139   2                      TimeSetFlashFlag=!TimeSetFlashFlag;
 140   2              }
 141   1      }
 142          


MODULE INFORMATION:   STATIC OVERLAYABLE
   CODE SIZE        =   1012    ----
   CONSTANT SIZE    =     21    ----
   XDATA SIZE       =   ----    ----
   PDATA SIZE       =   ----    ----
   DATA SIZE        =      6    ----
   IDATA SIZE       =   ----    ----
   BIT SIZE         =   ----    ----
END OF MODULE INFORMATION.


C51 COMPILATION COMPLETE.  0 WARNING(S),  0 ERROR(S)
