C51 COMPILER V9.54   UART                                                                  09/07/2024 22:43:58 PAGE 1   


C51 COMPILER V9.54, COMPILATION OF MODULE UART
OBJECT MODULE PLACED IN .\Objects\UART.obj
COMPILER INVOKED BY: D:\keil5\C51\BIN\C51.EXE UART.c OPTIMIZE(8,SPEED) BROWSE DEBUG OBJECTEXTEND PRINT(.\Listings\UART.l
                    -st) OBJECT(.\Objects\UART.obj)

line level    source

   1          #include <REGX52.H>
   2          
   3          /**
   4            * @brief  串口初始化4800bps@11.0592MHz
   5            * @param  无
   6            * @retval 
   7            */
   8          
   9          void UART_Init()  //4800bps@11.0592MHz
  10          {
  11   1              //4800bps@12.0000MHz
  12   1      //      SCON = 0x40;
  13   1      //      PCON |= 0x80;
  14   1      //      TMOD &= 0x0F;           //设置定时器模式
  15   1      //      TMOD |= 0x20;           //设置定时器模式
  16   1      //      TL1 = 0xF3;             //设置定时初值
  17   1      //      TH1 = 0xF3;             //设置定时初值
  18   1      //      TR1 = 1;                //定时器0开始计时
  19   1      //      ET1 = 0; //禁止中断
  20   1              PCON |= 0x80;           //使能波特率倍速位SMOD
  21   1              SCON = 0x50;            //8位数据,可变波特率
  22   1              TMOD &= 0x0F;           //清除定时器1模式位
  23   1              TMOD |= 0x20;           //设定定时器1为8位自动重装方式
  24   1              TL1 = 0xF4;             //设定定时初值
  25   1              TH1 = 0xF4;             //设定定时器重装值
  26   1              ET1 = 0;                //禁止定时器1中断
  27   1              TR1 = 1;                //启动定时器1
  28   1              
  29   1              EA= 1;
  30   1              ES= 1;
  31   1      
  32   1      }
  33          
  34          /**
  35            * @brief  写入发送的数据到SBUF，串口发送一个字节数据
  36          * @param  发送的数据为Byte
  37            * @retval 
  38            */
  39          
  40          void UART_SendByte(unsigned char Byte)
  41          {
  42   1              SBUF = Byte;//数据写入SBUF
  43   1              while(TI == 0);
  44   1              TI = 0;
  45   1      }


MODULE INFORMATION:   STATIC OVERLAYABLE
   CODE SIZE        =     35    ----
   CONSTANT SIZE    =   ----    ----
   XDATA SIZE       =   ----    ----
   PDATA SIZE       =   ----    ----
   DATA SIZE        =   ----    ----
   IDATA SIZE       =   ----    ----
C51 COMPILER V9.54   UART                                                                  09/07/2024 22:43:58 PAGE 2   

   BIT SIZE         =   ----    ----
END OF MODULE INFORMATION.


C51 COMPILATION COMPLETE.  0 WARNING(S),  0 ERROR(S)
