C51 COMPILER V9.54   UART                                                                  09/07/2024 22:33:34 PAGE 1   


C51 COMPILER V9.54, COMPILATION OF MODULE UART
OBJECT MODULE PLACED IN .\Objects\UART.obj
COMPILER INVOKED BY: D:\keil5\C51\BIN\C51.EXE UART.c OPTIMIZE(8,SPEED) BROWSE DEBUG OBJECTEXTEND PRINT(.\Listings\UART.l
                    -st) OBJECT(.\Objects\UART.obj)

line level    source

   1          #include <REGX52.H>
   2          
   3          
   4          void UART_Init()  //4800bps@11.0592MHz
   5          {
   6   1      //      SCON = 0x40;
   7   1      //      PCON |= 0x80;
   8   1      //      TMOD &= 0x0F;           //设置定时器模式
   9   1      //      TMOD |= 0x20;           //设置定时器模式
  10   1      //      TL1 = 0xF3;             //设置定时初值
  11   1      //      TH1 = 0xF3;             //设置定时初值
  12   1      //      TR1 = 1;                //定时器0开始计时
  13   1      //      ET1 = 0; //禁止中断
  14   1              PCON |= 0x80;           //使能波特率倍速位SMOD
  15   1              SCON = 0x40;            //8位数据,可变波特率
  16   1              TMOD &= 0x0F;           //清除定时器1模式位
  17   1              TMOD |= 0x20;           //设定定时器1为8位自动重装方式
  18   1              TL1 = 0xF4;             //设定定时初值
  19   1              TH1 = 0xF4;             //设定定时器重装值
  20   1              ET1 = 0;                //禁止定时器1中断
  21   1              TR1 = 1;                //启动定时器1
  22   1      
  23   1      }
  24          
  25          void UART_SendByte(unsigned char Byte)
  26          {
  27   1              SBUF = Byte;//数据写入SBUF
  28   1              while(TI == 0);
  29   1              TI = 0;
  30   1      }


MODULE INFORMATION:   STATIC OVERLAYABLE
   CODE SIZE        =     31    ----
   CONSTANT SIZE    =   ----    ----
   XDATA SIZE       =   ----    ----
   PDATA SIZE       =   ----    ----
   DATA SIZE        =   ----    ----
   IDATA SIZE       =   ----    ----
   BIT SIZE         =   ----    ----
END OF MODULE INFORMATION.


C51 COMPILATION COMPLETE.  0 WARNING(S),  0 ERROR(S)
